2025-03-08 13:00:00 | WARN | repo=pv243-javaee-7 | action=commit
2025-09-11 15:08:00 | DEBUG | repo=pv243-javaee-7 | action=pull
2025-08-11 16:07:00 | INFO | repo=pv243-javaee-7 | action=edit | files=5
2025-04-04 19:16:00 | INFO | repo=pv243-javaee-7 | action=commit
2025-09-05 20:09:00 | DEBUG | repo=pv243-javaee-7 | action=commit
2025-07-02 16:59:00 | WARN | repo=pv243-javaee-7 | action=pull
2025-06-20 12:43:00 | INFO | repo=pv243-javaee-7 | action=commit
2025-06-26 12:25:00 | DEBUG | repo=pv243-javaee-7 | action=commit
2025-05-14 07:48:00 | DEBUG | repo=pv243-javaee-7 | action=commit
2025-12-20 07:19:00 | DEBUG | repo=pv243-javaee-7 | action=commit
2025-08-12 13:07:00 | DEBUG | repo=pv243-javaee-7 | action=commit
2025-05-25 20:52:00 | INFO | repo=pv243-javaee-7 | action=commit
2025-12-25 21:04:00 | WARN | repo=pv243-javaee-7 | action=edit | files=4
2025-07-27 17:50:00 | DEBUG | repo=pv243-javaee-7 | action=commit
2025-09-14 16:37:00 | INFO | repo=pv243-javaee-7 | action=edit | files=4
2025-01-16 12:11:00 | WARN | repo=pv243-javaee-7 | action=test | passed=true
2025-04-13 08:24:00 | DEBUG | repo=pv243-javaee-7 | action=pull
2025-04-05 19:08:00 | INFO | repo=pv243-javaee-7 | action=commit
2025-05-02 19:14:00 | WARN | repo=pv243-javaee-7 | action=commit
2025-07-26 10:38:00 | WARN | repo=pv243-javaee-7 | action=commit
2025-09-16 21:22:00 | INFO | repo=pv243-javaee-7 | action=commit
2025-01-24 13:51:00 | WARN | repo=pv243-javaee-7 | action=commit
2025-07-16 09:52:00 | WARN | repo=pv243-javaee-7 | action=commit
2025-07-12 08:59:00 | INFO | repo=pv243-javaee-7 | action=commit
2025-09-01 08:21:00 | WARN | repo=pv243-javaee-7 | action=commit
2025-07-12 17:01:00 | WARN | repo=pv243-javaee-7 | action=pull
2025-03-18 07:32:00 | WARN | repo=pv243-javaee-7 | action=edit | files=2
2025-09-02 08:03:00 | WARN | repo=pv243-javaee-7 | action=commit
2025-09-20 20:37:00 | INFO | repo=pv243-javaee-7 | action=commit
2025-07-07 21:06:00 | INFO | repo=pv243-javaee-7 | action=edit | files=3
2025-08-12 08:43:00 | DEBUG | repo=pv243-javaee-7 | action=test | passed=true
2025-07-05 12:36:00 | WARN | repo=pv243-javaee-7 | action=test | passed=true
2025-03-21 09:47:00 | INFO | repo=pv243-javaee-7 | action=pull
2025-09-13 12:13:00 | INFO | repo=pv243-javaee-7 | action=test | passed=true
2025-10-04 07:23:00 | WARN | repo=pv243-javaee-7 | action=commit
2025-08-01 13:29:00 | DEBUG | repo=pv243-javaee-7 | action=commit
2025-08-07 12:44:00 | DEBUG | repo=pv243-javaee-7 | action=commit
2025-05-11 17:22:00 | WARN | repo=pv243-javaee-7 | action=commit
2025-08-03 18:45:00 | INFO | repo=pv243-javaee-7 | action=commit
2025-11-10 07:23:00 | INFO | repo=pv243-javaee-7 | action=test | passed=true
2025-11-25 14:42:00 | INFO | repo=pv243-javaee-7 | action=commit
2025-11-27 20:57:00 | WARN | repo=pv243-javaee-7 | action=commit
2025-02-07 10:00:00 | DEBUG | repo=pv243-javaee-7 | action=edit | files=2
2025-10-18 14:13:00 | INFO | repo=pv243-javaee-7 | action=commit
2025-06-07 07:16:00 | DEBUG | repo=pv243-javaee-7 | action=commit
2025-10-03 09:21:00 | DEBUG | repo=pv243-javaee-7 | action=commit
